<?xml version="1.0" encoding="UTF-8"?>
<testng-results ignored="0" total="3" passed="3" failed="0" skipped="0">
  <reporter-output>
  </reporter-output>
  <suite started-at="2023-07-20T18:06:20 IST" name="Default suite" finished-at="2023-07-20T18:07:28 IST" duration-ms="68330">
    <groups>
    </groups>
    <test started-at="2023-07-20T18:06:20 IST" name="Default test" finished-at="2023-07-20T18:07:28 IST" duration-ms="68330">
      <class name="testNGAnnotation_Flags.GoogleSearchTestCase">
        <test-method is-config="true" signature="setUp()[pri:0, instance:testNGAnnotation_Flags.GoogleSearchTestCase@53fb3dab]" started-at="2023-07-20T18:06:20 IST" name="setUp" description="Open the Browser" finished-at="2023-07-20T18:06:42 IST" duration-ms="22106" status="PASS">
          <reporter-output>
          </reporter-output>
        </test-method> <!-- setUp -->
        <test-method signature="search1()[pri:0, instance:testNGAnnotation_Flags.GoogleSearchTestCase@53fb3dab]" started-at="2023-07-20T18:06:42 IST" name="search1" description="TestCase1" finished-at="2023-07-20T18:06:46 IST" duration-ms="4148" status="PASS">
          <reporter-output>
          </reporter-output>
        </test-method> <!-- search1 -->
        <test-method is-config="true" signature="tearDown()[pri:0, instance:testNGAnnotation_Flags.GoogleSearchTestCase@53fb3dab]" started-at="2023-07-20T18:06:46 IST" name="tearDown" description="Close the Browser" finished-at="2023-07-20T18:06:47 IST" duration-ms="747" status="PASS">
          <reporter-output>
          </reporter-output>
        </test-method> <!-- tearDown -->
        <test-method is-config="true" signature="setUp()[pri:0, instance:testNGAnnotation_Flags.GoogleSearchTestCase@53fb3dab]" started-at="2023-07-20T18:06:47 IST" name="setUp" description="Open the Browser" finished-at="2023-07-20T18:07:02 IST" duration-ms="14518" status="PASS">
          <reporter-output>
          </reporter-output>
        </test-method> <!-- setUp -->
        <test-method signature="search2()[pri:0, instance:testNGAnnotation_Flags.GoogleSearchTestCase@53fb3dab]" started-at="2023-07-20T18:07:02 IST" name="search2" description="TestCase2" finished-at="2023-07-20T18:07:14 IST" duration-ms="12548" status="PASS">
          <reporter-output>
          </reporter-output>
        </test-method> <!-- search2 -->
        <test-method is-config="true" signature="tearDown()[pri:0, instance:testNGAnnotation_Flags.GoogleSearchTestCase@53fb3dab]" started-at="2023-07-20T18:07:14 IST" name="tearDown" description="Close the Browser" finished-at="2023-07-20T18:07:15 IST" duration-ms="724" status="PASS">
          <reporter-output>
          </reporter-output>
        </test-method> <!-- tearDown -->
        <test-method is-config="true" signature="setUp()[pri:0, instance:testNGAnnotation_Flags.GoogleSearchTestCase@53fb3dab]" started-at="2023-07-20T18:07:15 IST" name="setUp" description="Open the Browser" finished-at="2023-07-20T18:07:25 IST" duration-ms="10556" status="PASS">
          <reporter-output>
          </reporter-output>
        </test-method> <!-- setUp -->
        <test-method signature="search3()[pri:0, instance:testNGAnnotation_Flags.GoogleSearchTestCase@53fb3dab]" started-at="2023-07-20T18:07:25 IST" name="search3" description="TestCase3" finished-at="2023-07-20T18:07:28 IST" duration-ms="2499" status="PASS">
          <reporter-output>
          </reporter-output>
        </test-method> <!-- search3 -->
        <test-method is-config="true" signature="tearDown()[pri:0, instance:testNGAnnotation_Flags.GoogleSearchTestCase@53fb3dab]" started-at="2023-07-20T18:07:28 IST" name="tearDown" description="Close the Browser" finished-at="2023-07-20T18:07:28 IST" duration-ms="384" status="PASS">
          <reporter-output>
          </reporter-output>
        </test-method> <!-- tearDown -->
      </class> <!-- testNGAnnotation_Flags.GoogleSearchTestCase -->
    </test> <!-- Default test -->
  </suite> <!-- Default suite -->
</testng-results>
