<?xml version="1.0" encoding="UTF-8"?>
<!-- Generated by org.testng.reporters.JUnitXMLReporter -->
<testsuite ignored="0" hostname="DESKTOP-TEBGILU" failures="0" tests="3" name="Default test" time="68.33" errors="0" timestamp="2023-07-20T18:07:28 IST">
  <testcase classname="testNGAnnotation_Flags.GoogleSearchTestCase" name="search1" time="4.148"/>
  <testcase classname="testNGAnnotation_Flags.GoogleSearchTestCase" name="search2" time="12.548"/>
  <testcase classname="testNGAnnotation_Flags.GoogleSearchTestCase" name="search3" time="2.499"/>
</testsuite> <!-- Default test -->
